TN:
SF:atv03\nota.js
FN:2,Nota
FN:10,mediaFinal
FN:18,mediaCA
FNF:3
FNH:3
FNDA:16,Nota
FNDA:26,mediaFinal
FNDA:6,mediaCA
DA:1,1
DA:2,1
DA:3,16
DA:4,16
DA:5,16
DA:6,16
DA:7,16
DA:8,16
DA:9,1
DA:10,1
DA:11,26
DA:12,26
DA:13,26
DA:14,26
DA:15,26
DA:16,26
DA:17,1
DA:18,1
DA:19,6
DA:20,5
DA:21,4
DA:22,3
DA:23,2
DA:24,1
DA:25,6
DA:26,1
DA:27,1
DA:28,1
DA:29,1
LF:29
LH:29
BRDA:2,0,0,16
BRDA:10,1,0,26
BRDA:18,2,0,6
BRDA:19,3,0,1
BRDA:19,4,0,5
BRDA:20,5,0,1
BRDA:20,6,0,4
BRDA:21,7,0,1
BRDA:21,8,0,3
BRDA:22,9,0,1
BRDA:22,10,0,2
BRDA:23,11,0,1
BRF:12
BRH:12
end_of_record
